<?xml version="1.0" encoding="UTF-8"?>
<!-- Generated by org.testng.reporters.JUnitXMLReporter -->
<testsuite ignored="0" hostname="Lalithas-MacBook-Air.local" failures="1" tests="3" name="Chrome Test" time="12.708" errors="0" timestamp="2021-05-27T14:19:16 PDT">
  <testcase classname="Dataproviderparams.Dataprovider_param" name="logo" time="0.113">
    <failure type="java.lang.AssertionError" message="Logo test is passed expected [true] but found [true]">
      <![CDATA[java.lang.AssertionError: Logo test is passed expected [true] but found [true]
at Dataproviderparams.Dataprovider_param.logo(Dataprovider_param.java:64)
at java.base/java.util.ArrayList.forEach(ArrayList.java:1511)
at java.base/java.util.concurrent.FutureTask.run(FutureTask.java:264)
at java.base/java.util.concurrent.ThreadPoolExecutor.runWorker(ThreadPoolExecutor.java:1130)
at java.base/java.util.concurrent.ThreadPoolExecutor$Worker.run(ThreadPoolExecutor.java:630)
at java.base/java.lang.Thread.run(Thread.java:831)
... Removed 21 stack frames]]>
    </failure>
  </testcase> <!-- logo -->
  <testcase classname="Dataproviderparams.Dataprovider_param" name="login" time="0.368"/>
  <testcase classname="Dataproviderparams.Dataprovider_param" name="getTitle" time="0.011"/>
</testsuite> <!-- Chrome Test -->
