<?xml version="1.0" encoding="UTF-8"?>
<!-- Generated by org.testng.reporters.JUnitXMLReporter -->
<testsuite ignored="0" hostname="Lalithas-MacBook-Air.local" failures="4" tests="4" name="Logintest2" time="17.56" errors="0" timestamp="2021-06-14T21:25:38 PDT">
  <testcase classname="com.selenium.practice.TestNG.testOpencartPOM" name="logo" time="0.216">
    <failure type="org.openqa.selenium.InvalidSelectorException" message="invalid selector: Unable to locate an element with the xpath expression //div[@id=&amp;apos;divLogo&amp;apos;]//img] because of the following error:
SyntaxError: Failed to execute &amp;apos;evaluate&amp;apos; on &amp;apos;Document&amp;apos;: The string &amp;apos;//div[@id=&amp;apos;divLogo&amp;apos;]//img]&amp;apos; is not a valid XPath expression.
  (Session info: MicrosoftEdge=91.0.864.48)
For documentation on this error, please visit: https://selenium.dev/exceptions/#invalid_selector_exception
Build info: version: &amp;apos;4.0.0-beta-3&amp;apos;, revision: &amp;apos;5d108f9a67&amp;apos;
System info: host: &amp;apos;Lalithas-MacBook-Air.local&amp;apos;, ip: &amp;apos;fe80:0:0:0:18d2:ff88:f485:bfbb%en0&amp;apos;, os.name: &amp;apos;Mac OS X&amp;apos;, os.arch: &amp;apos;x86_64&amp;apos;, os.version: &amp;apos;11.4&amp;apos;, java.version: &amp;apos;16.0.1&amp;apos;
Driver info: org.openqa.selenium.edge.EdgeDriver
Command: [d48e8237d6b4c5c7e331f064efb0cfe5, findElement {using=xpath, value=//div[@id=&amp;apos;divLogo&amp;apos;]//img]}]
Capabilities {acceptInsecureCerts: false, browserName: msedge, browserVersion: 91.0.864.48, javascriptEnabled: true, ms:edgeOptions: {debuggerAddress: localhost:61241}, msedge: {msedgedriverVersion: 90.0.818.51 (0ac6c7911676c0..., userDataDir: /var/folders/7r/23_xm3gn467...}, networkConnectionEnabled: false, pageLoadStrategy: normal, platform: MAC, platformName: MAC, proxy: Proxy(), se:cdp: ws://localhost:61241/devtoo..., se:cdpVersion: 91.0.864.48, setWindowRect: true, strictFileInteractability: false, timeouts: {implicit: 0, pageLoad: 300000, script: 30000}, unhandledPromptBehavior: dismiss and notify, webauthn:extension:largeBlob: true, webauthn:virtualAuthenticators: true}
Session ID: d48e8237d6b4c5c7e331f064efb0cfe5">
      <![CDATA[org.openqa.selenium.InvalidSelectorException: invalid selector: Unable to locate an element with the xpath expression //div[@id='divLogo']//img] because of the following error:
SyntaxError: Failed to execute 'evaluate' on 'Document': The string '//div[@id='divLogo']//img]' is not a valid XPath expression.
  (Session info: MicrosoftEdge=91.0.864.48)
For documentation on this error, please visit: https://selenium.dev/exceptions/#invalid_selector_exception
Build info: version: '4.0.0-beta-3', revision: '5d108f9a67'
System info: host: 'Lalithas-MacBook-Air.local', ip: 'fe80:0:0:0:18d2:ff88:f485:bfbb%en0', os.name: 'Mac OS X', os.arch: 'x86_64', os.version: '11.4', java.version: '16.0.1'
Driver info: org.openqa.selenium.edge.EdgeDriver
Command: [d48e8237d6b4c5c7e331f064efb0cfe5, findElement {using=xpath, value=//div[@id='divLogo']//img]}]
Capabilities {acceptInsecureCerts: false, browserName: msedge, browserVersion: 91.0.864.48, javascriptEnabled: true, ms:edgeOptions: {debuggerAddress: localhost:61241}, msedge: {msedgedriverVersion: 90.0.818.51 (0ac6c7911676c0..., userDataDir: /var/folders/7r/23_xm3gn467...}, networkConnectionEnabled: false, pageLoadStrategy: normal, platform: MAC, platformName: MAC, proxy: Proxy(), se:cdp: ws://localhost:61241/devtoo..., se:cdpVersion: 91.0.864.48, setWindowRect: true, strictFileInteractability: false, timeouts: {implicit: 0, pageLoad: 300000, script: 30000}, unhandledPromptBehavior: dismiss and notify, webauthn:extension:largeBlob: true, webauthn:virtualAuthenticators: true}
Session ID: d48e8237d6b4c5c7e331f064efb0cfe5
at org.openqa.selenium.remote.codec.w3c.W3CHttpResponseCodec.createException(W3CHttpResponseCodec.java:198)
at org.openqa.selenium.remote.codec.w3c.W3CHttpResponseCodec.decode(W3CHttpResponseCodec.java:131)
at org.openqa.selenium.remote.codec.w3c.W3CHttpResponseCodec.decode(W3CHttpResponseCodec.java:52)
at org.openqa.selenium.remote.HttpCommandExecutor.execute(HttpCommandExecutor.java:184)
at org.openqa.selenium.remote.service.DriverCommandExecutor.invokeExecute(DriverCommandExecutor.java:153)
at org.openqa.selenium.remote.service.DriverCommandExecutor.execute(DriverCommandExecutor.java:128)
at org.openqa.selenium.remote.RemoteWebDriver.execute(RemoteWebDriver.java:619)
at org.openqa.selenium.remote.RemoteWebDriver$Mechanism$2.findElement(RemoteWebDriver.java:1258)
at org.openqa.selenium.remote.RemoteWebDriver.findElement(RemoteWebDriver.java:386)
at org.openqa.selenium.remote.RemoteWebDriver.findElement(RemoteWebDriver.java:380)
at com.selenium.practice.TestNG.Loginpage_POM.logoDisplayed(Loginpage_POM.java:28)
at com.selenium.practice.TestNG.testOpencartPOM.logo(testOpencartPOM.java:45)
at java.base/java.util.ArrayList.forEach(ArrayList.java:1511)
at java.base/java.util.concurrent.FutureTask.run(FutureTask.java:264)
at java.base/java.util.concurrent.ThreadPoolExecutor.runWorker(ThreadPoolExecutor.java:1130)
at java.base/java.util.concurrent.ThreadPoolExecutor$Worker.run(ThreadPoolExecutor.java:630)
at java.base/java.lang.Thread.run(Thread.java:831)
... Removed 23 stack frames]]>
    </failure>
  </testcase> <!-- logo -->
  <testcase classname="com.selenium.practice.TestNG.testOpencartPOM" name="userName" time="0.045">
    <failure type="org.openqa.selenium.NoSuchElementException" message="no such element: Unable to locate element: {&amp;quot;method&amp;quot;:&amp;quot;xpath&amp;quot;,&amp;quot;selector&amp;quot;:&amp;quot;//input[@id=&amp;apos;txtUsername&amp;apos;]&amp;quot;}
  (Session info: MicrosoftEdge=91.0.864.48)
For documentation on this error, please visit: https://selenium.dev/exceptions/#no_such_element
Build info: version: &amp;apos;4.0.0-beta-3&amp;apos;, revision: &amp;apos;5d108f9a67&amp;apos;
System info: host: &amp;apos;Lalithas-MacBook-Air.local&amp;apos;, ip: &amp;apos;fe80:0:0:0:18d2:ff88:f485:bfbb%en0&amp;apos;, os.name: &amp;apos;Mac OS X&amp;apos;, os.arch: &amp;apos;x86_64&amp;apos;, os.version: &amp;apos;11.4&amp;apos;, java.version: &amp;apos;16.0.1&amp;apos;
Driver info: org.openqa.selenium.edge.EdgeDriver
Command: [d48e8237d6b4c5c7e331f064efb0cfe5, findElement {using=xpath, value=//input[@id=&amp;apos;txtUsername&amp;apos;]}]
Capabilities {acceptInsecureCerts: false, browserName: msedge, browserVersion: 91.0.864.48, javascriptEnabled: true, ms:edgeOptions: {debuggerAddress: localhost:61241}, msedge: {msedgedriverVersion: 90.0.818.51 (0ac6c7911676c0..., userDataDir: /var/folders/7r/23_xm3gn467...}, networkConnectionEnabled: false, pageLoadStrategy: normal, platform: MAC, platformName: MAC, proxy: Proxy(), se:cdp: ws://localhost:61241/devtoo..., se:cdpVersion: 91.0.864.48, setWindowRect: true, strictFileInteractability: false, timeouts: {implicit: 0, pageLoad: 300000, script: 30000}, unhandledPromptBehavior: dismiss and notify, webauthn:extension:largeBlob: true, webauthn:virtualAuthenticators: true}
Session ID: d48e8237d6b4c5c7e331f064efb0cfe5">
      <![CDATA[org.openqa.selenium.NoSuchElementException: no such element: Unable to locate element: {"method":"xpath","selector":"//input[@id='txtUsername']"}
  (Session info: MicrosoftEdge=91.0.864.48)
For documentation on this error, please visit: https://selenium.dev/exceptions/#no_such_element
Build info: version: '4.0.0-beta-3', revision: '5d108f9a67'
System info: host: 'Lalithas-MacBook-Air.local', ip: 'fe80:0:0:0:18d2:ff88:f485:bfbb%en0', os.name: 'Mac OS X', os.arch: 'x86_64', os.version: '11.4', java.version: '16.0.1'
Driver info: org.openqa.selenium.edge.EdgeDriver
Command: [d48e8237d6b4c5c7e331f064efb0cfe5, findElement {using=xpath, value=//input[@id='txtUsername']}]
Capabilities {acceptInsecureCerts: false, browserName: msedge, browserVersion: 91.0.864.48, javascriptEnabled: true, ms:edgeOptions: {debuggerAddress: localhost:61241}, msedge: {msedgedriverVersion: 90.0.818.51 (0ac6c7911676c0..., userDataDir: /var/folders/7r/23_xm3gn467...}, networkConnectionEnabled: false, pageLoadStrategy: normal, platform: MAC, platformName: MAC, proxy: Proxy(), se:cdp: ws://localhost:61241/devtoo..., se:cdpVersion: 91.0.864.48, setWindowRect: true, strictFileInteractability: false, timeouts: {implicit: 0, pageLoad: 300000, script: 30000}, unhandledPromptBehavior: dismiss and notify, webauthn:extension:largeBlob: true, webauthn:virtualAuthenticators: true}
Session ID: d48e8237d6b4c5c7e331f064efb0cfe5
at org.openqa.selenium.remote.codec.w3c.W3CHttpResponseCodec.createException(W3CHttpResponseCodec.java:198)
at org.openqa.selenium.remote.codec.w3c.W3CHttpResponseCodec.decode(W3CHttpResponseCodec.java:131)
at org.openqa.selenium.remote.codec.w3c.W3CHttpResponseCodec.decode(W3CHttpResponseCodec.java:52)
at org.openqa.selenium.remote.HttpCommandExecutor.execute(HttpCommandExecutor.java:184)
at org.openqa.selenium.remote.service.DriverCommandExecutor.invokeExecute(DriverCommandExecutor.java:153)
at org.openqa.selenium.remote.service.DriverCommandExecutor.execute(DriverCommandExecutor.java:128)
at org.openqa.selenium.remote.RemoteWebDriver.execute(RemoteWebDriver.java:619)
at org.openqa.selenium.remote.RemoteWebDriver$Mechanism$2.findElement(RemoteWebDriver.java:1258)
at org.openqa.selenium.remote.RemoteWebDriver.findElement(RemoteWebDriver.java:386)
at org.openqa.selenium.remote.RemoteWebDriver.findElement(RemoteWebDriver.java:380)
at com.selenium.practice.TestNG.Loginpage_POM.setUserName(Loginpage_POM.java:36)
at com.selenium.practice.TestNG.testOpencartPOM.userName(testOpencartPOM.java:54)
at java.base/java.util.ArrayList.forEach(ArrayList.java:1511)
at java.base/java.util.concurrent.FutureTask.run(FutureTask.java:264)
at java.base/java.util.concurrent.ThreadPoolExecutor.runWorker(ThreadPoolExecutor.java:1130)
at java.base/java.util.concurrent.ThreadPoolExecutor$Worker.run(ThreadPoolExecutor.java:630)
at java.base/java.lang.Thread.run(Thread.java:831)
... Removed 23 stack frames]]>
    </failure>
  </testcase> <!-- userName -->
  <testcase classname="com.selenium.practice.TestNG.testOpencartPOM" name="password" time="0.035">
    <failure type="org.openqa.selenium.NoSuchElementException" message="no such element: Unable to locate element: {&amp;quot;method&amp;quot;:&amp;quot;xpath&amp;quot;,&amp;quot;selector&amp;quot;:&amp;quot;//input[@id=&amp;apos;txtPassword&amp;apos;]&amp;quot;}
  (Session info: MicrosoftEdge=91.0.864.48)
For documentation on this error, please visit: https://selenium.dev/exceptions/#no_such_element
Build info: version: &amp;apos;4.0.0-beta-3&amp;apos;, revision: &amp;apos;5d108f9a67&amp;apos;
System info: host: &amp;apos;Lalithas-MacBook-Air.local&amp;apos;, ip: &amp;apos;fe80:0:0:0:18d2:ff88:f485:bfbb%en0&amp;apos;, os.name: &amp;apos;Mac OS X&amp;apos;, os.arch: &amp;apos;x86_64&amp;apos;, os.version: &amp;apos;11.4&amp;apos;, java.version: &amp;apos;16.0.1&amp;apos;
Driver info: org.openqa.selenium.edge.EdgeDriver
Command: [d48e8237d6b4c5c7e331f064efb0cfe5, findElement {using=xpath, value=//input[@id=&amp;apos;txtPassword&amp;apos;]}]
Capabilities {acceptInsecureCerts: false, browserName: msedge, browserVersion: 91.0.864.48, javascriptEnabled: true, ms:edgeOptions: {debuggerAddress: localhost:61241}, msedge: {msedgedriverVersion: 90.0.818.51 (0ac6c7911676c0..., userDataDir: /var/folders/7r/23_xm3gn467...}, networkConnectionEnabled: false, pageLoadStrategy: normal, platform: MAC, platformName: MAC, proxy: Proxy(), se:cdp: ws://localhost:61241/devtoo..., se:cdpVersion: 91.0.864.48, setWindowRect: true, strictFileInteractability: false, timeouts: {implicit: 0, pageLoad: 300000, script: 30000}, unhandledPromptBehavior: dismiss and notify, webauthn:extension:largeBlob: true, webauthn:virtualAuthenticators: true}
Session ID: d48e8237d6b4c5c7e331f064efb0cfe5">
      <![CDATA[org.openqa.selenium.NoSuchElementException: no such element: Unable to locate element: {"method":"xpath","selector":"//input[@id='txtPassword']"}
  (Session info: MicrosoftEdge=91.0.864.48)
For documentation on this error, please visit: https://selenium.dev/exceptions/#no_such_element
Build info: version: '4.0.0-beta-3', revision: '5d108f9a67'
System info: host: 'Lalithas-MacBook-Air.local', ip: 'fe80:0:0:0:18d2:ff88:f485:bfbb%en0', os.name: 'Mac OS X', os.arch: 'x86_64', os.version: '11.4', java.version: '16.0.1'
Driver info: org.openqa.selenium.edge.EdgeDriver
Command: [d48e8237d6b4c5c7e331f064efb0cfe5, findElement {using=xpath, value=//input[@id='txtPassword']}]
Capabilities {acceptInsecureCerts: false, browserName: msedge, browserVersion: 91.0.864.48, javascriptEnabled: true, ms:edgeOptions: {debuggerAddress: localhost:61241}, msedge: {msedgedriverVersion: 90.0.818.51 (0ac6c7911676c0..., userDataDir: /var/folders/7r/23_xm3gn467...}, networkConnectionEnabled: false, pageLoadStrategy: normal, platform: MAC, platformName: MAC, proxy: Proxy(), se:cdp: ws://localhost:61241/devtoo..., se:cdpVersion: 91.0.864.48, setWindowRect: true, strictFileInteractability: false, timeouts: {implicit: 0, pageLoad: 300000, script: 30000}, unhandledPromptBehavior: dismiss and notify, webauthn:extension:largeBlob: true, webauthn:virtualAuthenticators: true}
Session ID: d48e8237d6b4c5c7e331f064efb0cfe5
at org.openqa.selenium.remote.codec.w3c.W3CHttpResponseCodec.createException(W3CHttpResponseCodec.java:198)
at org.openqa.selenium.remote.codec.w3c.W3CHttpResponseCodec.decode(W3CHttpResponseCodec.java:131)
at org.openqa.selenium.remote.codec.w3c.W3CHttpResponseCodec.decode(W3CHttpResponseCodec.java:52)
at org.openqa.selenium.remote.HttpCommandExecutor.execute(HttpCommandExecutor.java:184)
at org.openqa.selenium.remote.service.DriverCommandExecutor.invokeExecute(DriverCommandExecutor.java:153)
at org.openqa.selenium.remote.service.DriverCommandExecutor.execute(DriverCommandExecutor.java:128)
at org.openqa.selenium.remote.RemoteWebDriver.execute(RemoteWebDriver.java:619)
at org.openqa.selenium.remote.RemoteWebDriver$Mechanism$2.findElement(RemoteWebDriver.java:1258)
at org.openqa.selenium.remote.RemoteWebDriver.findElement(RemoteWebDriver.java:386)
at org.openqa.selenium.remote.RemoteWebDriver.findElement(RemoteWebDriver.java:380)
at com.selenium.practice.TestNG.Loginpage_POM.setPassword(Loginpage_POM.java:43)
at com.selenium.practice.TestNG.testOpencartPOM.password(testOpencartPOM.java:61)
at java.base/java.util.ArrayList.forEach(ArrayList.java:1511)
at java.base/java.util.concurrent.FutureTask.run(FutureTask.java:264)
at java.base/java.util.concurrent.ThreadPoolExecutor.runWorker(ThreadPoolExecutor.java:1130)
at java.base/java.util.concurrent.ThreadPoolExecutor$Worker.run(ThreadPoolExecutor.java:630)
at java.base/java.lang.Thread.run(Thread.java:831)
... Removed 23 stack frames]]>
    </failure>
  </testcase> <!-- password -->
  <testcase classname="com.selenium.practice.TestNG.testOpencartPOM" name="click" time="0.035">
    <failure type="org.openqa.selenium.NoSuchElementException" message="no such element: Unable to locate element: {&amp;quot;method&amp;quot;:&amp;quot;xpath&amp;quot;,&amp;quot;selector&amp;quot;:&amp;quot;//input[@id=&amp;apos;btnLogin&amp;apos;]&amp;quot;}
  (Session info: MicrosoftEdge=91.0.864.48)
For documentation on this error, please visit: https://selenium.dev/exceptions/#no_such_element
Build info: version: &amp;apos;4.0.0-beta-3&amp;apos;, revision: &amp;apos;5d108f9a67&amp;apos;
System info: host: &amp;apos;Lalithas-MacBook-Air.local&amp;apos;, ip: &amp;apos;fe80:0:0:0:18d2:ff88:f485:bfbb%en0&amp;apos;, os.name: &amp;apos;Mac OS X&amp;apos;, os.arch: &amp;apos;x86_64&amp;apos;, os.version: &amp;apos;11.4&amp;apos;, java.version: &amp;apos;16.0.1&amp;apos;
Driver info: org.openqa.selenium.edge.EdgeDriver
Command: [d48e8237d6b4c5c7e331f064efb0cfe5, findElement {using=xpath, value=//input[@id=&amp;apos;btnLogin&amp;apos;]}]
Capabilities {acceptInsecureCerts: false, browserName: msedge, browserVersion: 91.0.864.48, javascriptEnabled: true, ms:edgeOptions: {debuggerAddress: localhost:61241}, msedge: {msedgedriverVersion: 90.0.818.51 (0ac6c7911676c0..., userDataDir: /var/folders/7r/23_xm3gn467...}, networkConnectionEnabled: false, pageLoadStrategy: normal, platform: MAC, platformName: MAC, proxy: Proxy(), se:cdp: ws://localhost:61241/devtoo..., se:cdpVersion: 91.0.864.48, setWindowRect: true, strictFileInteractability: false, timeouts: {implicit: 0, pageLoad: 300000, script: 30000}, unhandledPromptBehavior: dismiss and notify, webauthn:extension:largeBlob: true, webauthn:virtualAuthenticators: true}
Session ID: d48e8237d6b4c5c7e331f064efb0cfe5">
      <![CDATA[org.openqa.selenium.NoSuchElementException: no such element: Unable to locate element: {"method":"xpath","selector":"//input[@id='btnLogin']"}
  (Session info: MicrosoftEdge=91.0.864.48)
For documentation on this error, please visit: https://selenium.dev/exceptions/#no_such_element
Build info: version: '4.0.0-beta-3', revision: '5d108f9a67'
System info: host: 'Lalithas-MacBook-Air.local', ip: 'fe80:0:0:0:18d2:ff88:f485:bfbb%en0', os.name: 'Mac OS X', os.arch: 'x86_64', os.version: '11.4', java.version: '16.0.1'
Driver info: org.openqa.selenium.edge.EdgeDriver
Command: [d48e8237d6b4c5c7e331f064efb0cfe5, findElement {using=xpath, value=//input[@id='btnLogin']}]
Capabilities {acceptInsecureCerts: false, browserName: msedge, browserVersion: 91.0.864.48, javascriptEnabled: true, ms:edgeOptions: {debuggerAddress: localhost:61241}, msedge: {msedgedriverVersion: 90.0.818.51 (0ac6c7911676c0..., userDataDir: /var/folders/7r/23_xm3gn467...}, networkConnectionEnabled: false, pageLoadStrategy: normal, platform: MAC, platformName: MAC, proxy: Proxy(), se:cdp: ws://localhost:61241/devtoo..., se:cdpVersion: 91.0.864.48, setWindowRect: true, strictFileInteractability: false, timeouts: {implicit: 0, pageLoad: 300000, script: 30000}, unhandledPromptBehavior: dismiss and notify, webauthn:extension:largeBlob: true, webauthn:virtualAuthenticators: true}
Session ID: d48e8237d6b4c5c7e331f064efb0cfe5
at org.openqa.selenium.remote.codec.w3c.W3CHttpResponseCodec.createException(W3CHttpResponseCodec.java:198)
at org.openqa.selenium.remote.codec.w3c.W3CHttpResponseCodec.decode(W3CHttpResponseCodec.java:131)
at org.openqa.selenium.remote.codec.w3c.W3CHttpResponseCodec.decode(W3CHttpResponseCodec.java:52)
at org.openqa.selenium.remote.HttpCommandExecutor.execute(HttpCommandExecutor.java:184)
at org.openqa.selenium.remote.service.DriverCommandExecutor.invokeExecute(DriverCommandExecutor.java:153)
at org.openqa.selenium.remote.service.DriverCommandExecutor.execute(DriverCommandExecutor.java:128)
at org.openqa.selenium.remote.RemoteWebDriver.execute(RemoteWebDriver.java:619)
at org.openqa.selenium.remote.RemoteWebDriver$Mechanism$2.findElement(RemoteWebDriver.java:1258)
at org.openqa.selenium.remote.RemoteWebDriver.findElement(RemoteWebDriver.java:386)
at org.openqa.selenium.remote.RemoteWebDriver.findElement(RemoteWebDriver.java:380)
at com.selenium.practice.TestNG.Loginpage_POM.click(Loginpage_POM.java:49)
at com.selenium.practice.TestNG.testOpencartPOM.click(testOpencartPOM.java:69)
at java.base/java.util.ArrayList.forEach(ArrayList.java:1511)
at java.base/java.util.concurrent.FutureTask.run(FutureTask.java:264)
at java.base/java.util.concurrent.ThreadPoolExecutor.runWorker(ThreadPoolExecutor.java:1130)
at java.base/java.util.concurrent.ThreadPoolExecutor$Worker.run(ThreadPoolExecutor.java:630)
at java.base/java.lang.Thread.run(Thread.java:831)
... Removed 23 stack frames]]>
    </failure>
  </testcase> <!-- click -->
</testsuite> <!-- Logintest2 -->
