<?xml version="1.0" encoding="UTF-8"?>
<!-- Generated by org.testng.reporters.JUnitXMLReporter -->
<testsuite ignored="0" hostname="Lalithas-MacBook-Air.local" failures="1" tests="4" name="Logintest1" time="21.154" errors="0" timestamp="2021-06-14T21:25:42 PDT">
  <testcase classname="com.selenium.practice.TestNG.testOpencartPOM" name="logo" time="0.078">
    <failure type="org.openqa.selenium.InvalidSelectorException" message="invalid selector: Unable to locate an element with the xpath expression //div[@id=&amp;apos;divLogo&amp;apos;]//img] because of the following error:
SyntaxError: Failed to execute &amp;apos;evaluate&amp;apos; on &amp;apos;Document&amp;apos;: The string &amp;apos;//div[@id=&amp;apos;divLogo&amp;apos;]//img]&amp;apos; is not a valid XPath expression.
  (Session info: chrome=91.0.4472.101)
For documentation on this error, please visit: https://selenium.dev/exceptions/#invalid_selector_exception
Build info: version: &amp;apos;4.0.0-beta-3&amp;apos;, revision: &amp;apos;5d108f9a67&amp;apos;
System info: host: &amp;apos;Lalithas-MacBook-Air.local&amp;apos;, ip: &amp;apos;fe80:0:0:0:18d2:ff88:f485:bfbb%en0&amp;apos;, os.name: &amp;apos;Mac OS X&amp;apos;, os.arch: &amp;apos;x86_64&amp;apos;, os.version: &amp;apos;11.4&amp;apos;, java.version: &amp;apos;16.0.1&amp;apos;
Driver info: org.openqa.selenium.chrome.ChromeDriver
Command: [61eb5f2f7d055378f50f0b641d05890a, findElement {using=xpath, value=//div[@id=&amp;apos;divLogo&amp;apos;]//img]}]
Capabilities {acceptInsecureCerts: false, browserName: chrome, browserVersion: 91.0.4472.101, chrome: {chromedriverVersion: 90.0.4430.24 (4c6d850f087da..., userDataDir: /var/folders/7r/23_xm3gn467...}, goog:chromeOptions: {debuggerAddress: localhost:61215}, javascriptEnabled: true, networkConnectionEnabled: false, pageLoadStrategy: normal, platform: MAC, platformName: MAC, proxy: Proxy(), se:cdp: ws://localhost:61215/devtoo..., se:cdpVersion: 91.0.4472.101, setWindowRect: true, strictFileInteractability: false, timeouts: {implicit: 0, pageLoad: 300000, script: 30000}, unhandledPromptBehavior: dismiss and notify, webauthn:extension:largeBlob: true, webauthn:virtualAuthenticators: true}
Session ID: 61eb5f2f7d055378f50f0b641d05890a">
      <![CDATA[org.openqa.selenium.InvalidSelectorException: invalid selector: Unable to locate an element with the xpath expression //div[@id='divLogo']//img] because of the following error:
SyntaxError: Failed to execute 'evaluate' on 'Document': The string '//div[@id='divLogo']//img]' is not a valid XPath expression.
  (Session info: chrome=91.0.4472.101)
For documentation on this error, please visit: https://selenium.dev/exceptions/#invalid_selector_exception
Build info: version: '4.0.0-beta-3', revision: '5d108f9a67'
System info: host: 'Lalithas-MacBook-Air.local', ip: 'fe80:0:0:0:18d2:ff88:f485:bfbb%en0', os.name: 'Mac OS X', os.arch: 'x86_64', os.version: '11.4', java.version: '16.0.1'
Driver info: org.openqa.selenium.chrome.ChromeDriver
Command: [61eb5f2f7d055378f50f0b641d05890a, findElement {using=xpath, value=//div[@id='divLogo']//img]}]
Capabilities {acceptInsecureCerts: false, browserName: chrome, browserVersion: 91.0.4472.101, chrome: {chromedriverVersion: 90.0.4430.24 (4c6d850f087da..., userDataDir: /var/folders/7r/23_xm3gn467...}, goog:chromeOptions: {debuggerAddress: localhost:61215}, javascriptEnabled: true, networkConnectionEnabled: false, pageLoadStrategy: normal, platform: MAC, platformName: MAC, proxy: Proxy(), se:cdp: ws://localhost:61215/devtoo..., se:cdpVersion: 91.0.4472.101, setWindowRect: true, strictFileInteractability: false, timeouts: {implicit: 0, pageLoad: 300000, script: 30000}, unhandledPromptBehavior: dismiss and notify, webauthn:extension:largeBlob: true, webauthn:virtualAuthenticators: true}
Session ID: 61eb5f2f7d055378f50f0b641d05890a
at org.openqa.selenium.remote.codec.w3c.W3CHttpResponseCodec.createException(W3CHttpResponseCodec.java:198)
at org.openqa.selenium.remote.codec.w3c.W3CHttpResponseCodec.decode(W3CHttpResponseCodec.java:131)
at org.openqa.selenium.remote.codec.w3c.W3CHttpResponseCodec.decode(W3CHttpResponseCodec.java:52)
at org.openqa.selenium.remote.HttpCommandExecutor.execute(HttpCommandExecutor.java:184)
at org.openqa.selenium.remote.service.DriverCommandExecutor.invokeExecute(DriverCommandExecutor.java:153)
at org.openqa.selenium.remote.service.DriverCommandExecutor.execute(DriverCommandExecutor.java:128)
at org.openqa.selenium.remote.RemoteWebDriver.execute(RemoteWebDriver.java:619)
at org.openqa.selenium.remote.RemoteWebDriver$Mechanism$2.findElement(RemoteWebDriver.java:1258)
at org.openqa.selenium.remote.RemoteWebDriver.findElement(RemoteWebDriver.java:386)
at org.openqa.selenium.remote.RemoteWebDriver.findElement(RemoteWebDriver.java:380)
at com.selenium.practice.TestNG.Loginpage_POM.logoDisplayed(Loginpage_POM.java:28)
at com.selenium.practice.TestNG.testOpencartPOM.logo(testOpencartPOM.java:45)
at java.base/java.util.ArrayList.forEach(ArrayList.java:1511)
at java.base/java.util.concurrent.FutureTask.run(FutureTask.java:264)
at java.base/java.util.concurrent.ThreadPoolExecutor.runWorker(ThreadPoolExecutor.java:1130)
at java.base/java.util.concurrent.ThreadPoolExecutor$Worker.run(ThreadPoolExecutor.java:630)
at java.base/java.lang.Thread.run(Thread.java:831)
... Removed 23 stack frames]]>
    </failure>
  </testcase> <!-- logo -->
  <testcase classname="com.selenium.practice.TestNG.testOpencartPOM" name="userName" time="0.34"/>
  <testcase classname="com.selenium.practice.TestNG.testOpencartPOM" name="password" time="0.119"/>
  <testcase classname="com.selenium.practice.TestNG.testOpencartPOM" name="click" time="2.543"/>
</testsuite> <!-- Logintest1 -->
