<?xml version="1.0" encoding="UTF-8"?>
<!-- Generated by org.testng.reporters.JUnitXMLReporter -->
<testsuite ignored="0" hostname="Lalithas-MacBook-Air.local" failures="0" tests="4" name="Logintest" time="0.063" errors="0" timestamp="2021-06-09T22:23:28 PDT">
  <testcase classname="com.selenium.practice.TestNG.testOpencartPOM" name="@BeforeClass setup" time="-1.623302603817E9">
    <failure type="org.testng.TestNGException" message="
Parameter &amp;apos;Browser&amp;apos; is required by BeforeClass on method setup but has not been marked @Optional or defined
in /Users/lalitha/Desktop/eclipse-workspace/com.selenium.practice/src/com/selenium/practice/TestNG/testOpencart.xml">
      <![CDATA[org.testng.TestNGException: 
Parameter 'Browser' is required by BeforeClass on method setup but has not been marked @Optional or defined
in /Users/lalitha/Desktop/eclipse-workspace/com.selenium.practice/src/com/selenium/practice/TestNG/testOpencart.xml
at java.base/java.util.ArrayList.forEach(ArrayList.java:1511)
at java.base/java.util.concurrent.FutureTask.run(FutureTask.java:264)
at java.base/java.util.concurrent.ThreadPoolExecutor.runWorker(ThreadPoolExecutor.java:1130)
at java.base/java.util.concurrent.ThreadPoolExecutor$Worker.run(ThreadPoolExecutor.java:630)
at java.base/java.lang.Thread.run(Thread.java:831)
... Removed 13 stack frames]]>
    </failure>
  </testcase> <!-- @BeforeClass setup -->
  <testcase classname="com.selenium.practice.TestNG.testOpencartPOM" name="@AfterClass quit" time="-1.623302603861E9">
    <skipped/>
  </testcase> <!-- @AfterClass quit -->
  <testcase classname="com.selenium.practice.TestNG.testOpencartPOM" name="logo" time="0.0">
    <skipped/>
  </testcase> <!-- logo -->
  <testcase classname="com.selenium.practice.TestNG.testOpencartPOM" name="userName" time="0.0">
    <skipped/>
  </testcase> <!-- userName -->
  <testcase classname="com.selenium.practice.TestNG.testOpencartPOM" name="password" time="0.0">
    <skipped/>
  </testcase> <!-- password -->
  <testcase classname="com.selenium.practice.TestNG.testOpencartPOM" name="click" time="0.0">
    <skipped/>
  </testcase> <!-- click -->
</testsuite> <!-- Logintest -->
