<?xml version="1.0" encoding="UTF-8"?>
<!-- Generated by org.testng.reporters.JUnitXMLReporter -->
<testsuite ignored="0" hostname="Lalithas-MacBook-Air.local" failures="1" tests="2" name="Chrome Test" time="10.748" errors="0" timestamp="2021-05-26T21:38:22 PDT">
  <testcase classname="Params.Params" name="testTitle" time="0.243">
    <failure type="java.lang.AssertionError" message="Logo is present expected [true] but found [true]">
      <![CDATA[java.lang.AssertionError: Logo is present expected [true] but found [true]
at Params.Params.testTitle(Params.java:40)
at java.base/java.util.ArrayList.forEach(ArrayList.java:1511)
at java.base/java.util.concurrent.FutureTask.run(FutureTask.java:264)
at java.base/java.util.concurrent.ThreadPoolExecutor.runWorker(ThreadPoolExecutor.java:1130)
at java.base/java.util.concurrent.ThreadPoolExecutor$Worker.run(ThreadPoolExecutor.java:630)
at java.base/java.lang.Thread.run(Thread.java:831)
... Removed 21 stack frames]]>
    </failure>
  </testcase> <!-- testTitle -->
  <testcase classname="Params.Params" name="testLogo" time="0.027"/>
</testsuite> <!-- Chrome Test -->
