<?xml version="1.0" encoding="UTF-8"?>
<!-- Generated by org.testng.reporters.JUnitXMLReporter -->
<testsuite ignored="0" hostname="Lalithas-MacBook-Air.local" failures="0" tests="2" name="EdgeTest" time="0.141" errors="0" timestamp="2021-05-26T21:38:11 PDT">
  <testcase classname="Params.Params" name="@BeforeClass login" time="0.065">
    <failure type="java.lang.IllegalStateException" message="The path to the driver executable The path to the driver executable must be set by the webdriver.edge.driver system property; for more information, see https://github.com/SeleniumHQ/selenium/wiki/MicrosoftWebDriver. The latest version can be downloaded from https://msedgecdn.azurewebsites.net/webdriver/index.html">
      <![CDATA[java.lang.IllegalStateException: The path to the driver executable The path to the driver executable must be set by the webdriver.edge.driver system property; for more information, see https://github.com/SeleniumHQ/selenium/wiki/MicrosoftWebDriver. The latest version can be downloaded from https://msedgecdn.azurewebsites.net/webdriver/index.html
at org.openqa.selenium.internal.Require$StateChecker.nonNull(Require.java:280)
at org.openqa.selenium.remote.service.DriverService.findExecutable(DriverService.java:142)
at org.openqa.selenium.edge.EdgeDriverService.access$000(EdgeDriverService.java:41)
at org.openqa.selenium.edge.EdgeDriverService$Builder.findDefaultExecutable(EdgeDriverService.java:170)
at org.openqa.selenium.remote.service.DriverService$Builder.build(DriverService.java:419)
at org.openqa.selenium.edge.EdgeDriver.<init>(EdgeDriver.java:36)
at org.openqa.selenium.edge.EdgeDriver.<init>(EdgeDriver.java:33)
at Params.Params.login(Params.java:27)
at java.base/java.util.ArrayList.forEach(ArrayList.java:1511)
at java.base/java.util.concurrent.FutureTask.run(FutureTask.java:264)
at java.base/java.util.concurrent.ThreadPoolExecutor.runWorker(ThreadPoolExecutor.java:1130)
at java.base/java.util.concurrent.ThreadPoolExecutor$Worker.run(ThreadPoolExecutor.java:630)
at java.base/java.lang.Thread.run(Thread.java:831)
... Removed 16 stack frames]]>
    </failure>
  </testcase> <!-- @BeforeClass login -->
  <testcase classname="Params.Params" name="@AfterClass close" time="-1.622090291514E9">
    <skipped/>
  </testcase> <!-- @AfterClass close -->
  <testcase classname="Params.Params" name="testTitle" time="0.0">
    <skipped/>
  </testcase> <!-- testTitle -->
  <testcase classname="Params.Params" name="testLogo" time="0.0">
    <skipped/>
  </testcase> <!-- testLogo -->
</testsuite> <!-- EdgeTest -->
