<?xml version="1.0" encoding="UTF-8"?>
<!-- Generated by org.testng.reporters.JUnitXMLReporter -->
<testsuite ignored="0" hostname="Lalithas-MacBook-Air.local" failures="0" tests="6" name="Default test(failed)" time="0.104" errors="0" timestamp="2021-07-13T11:24:39 PDT">
  <testcase classname="Group1.Group1Method" name="@BeforeClass start" time="-1.626200674115E9">
    <failure type="org.testng.TestNGException" message="
Parameter &amp;apos;Browser&amp;apos; is required by BeforeClass on method start but has not been marked @Optional or defined
in /Users/lalitha/Desktop/eclipse-workspace/com.selenium.practice/test-output/testng-failed.xml">
      <![CDATA[org.testng.TestNGException: 
Parameter 'Browser' is required by BeforeClass on method start but has not been marked @Optional or defined
in /Users/lalitha/Desktop/eclipse-workspace/com.selenium.practice/test-output/testng-failed.xml
at java.base/java.util.ArrayList.forEach(ArrayList.java:1511)
... Removed 22 stack frames]]>
    </failure>
  </testcase> <!-- @BeforeClass start -->
  <testcase classname="Group1.Group1Method" name="@AfterClass quit" time="-1.626200674196E9">
    <skipped/>
  </testcase> <!-- @AfterClass quit -->
  <testcase classname="Group1.Group1Method" name="dataproviderSearch" time="0.0">
    <skipped/>
  </testcase> <!-- dataproviderSearch -->
  <testcase classname="Group1.Group1Method" name="dataproviderSearch" time="0.0">
    <skipped/>
  </testcase> <!-- dataproviderSearch -->
  <testcase classname="Group1.Group1Method" name="dataproviderSearch" time="0.0">
    <skipped/>
  </testcase> <!-- dataproviderSearch -->
  <testcase classname="Group1.Group1Method" name="searc" time="0.0">
    <skipped/>
  </testcase> <!-- searc -->
  <testcase classname="Group1.Group1Method" name="searc1" time="0.0">
    <skipped/>
  </testcase> <!-- searc1 -->
  <testcase classname="Group1.Group1Method" name="click" time="0.0">
    <skipped/>
  </testcase> <!-- click -->
</testsuite> <!-- Default test(failed) -->
