<?xml version="1.0" encoding="UTF-8"?>
<!-- Generated by org.testng.reporters.JUnitReportReporter -->
<testsuite hostname="Lalithas-MacBook-Air.local" failures="0" tests="7" name="Group1.Group1Method" time="-1626200704.000" errors="1" timestamp="2021-07-13T11:24:39 PDT" skipped="6">
  <testcase classname="Group1.Group1Method" name="dataproviderSearch" time="0.000">
    <skipped/>
  </testcase> <!-- dataproviderSearch -->
  <system-out/>
  <testcase classname="Group1.Group1Method" name="dataproviderSearch" time="0.000">
    <skipped/>
  </testcase> <!-- dataproviderSearch -->
  <system-out/>
  <testcase classname="Group1.Group1Method" name="dataproviderSearch" time="0.000">
    <skipped/>
  </testcase> <!-- dataproviderSearch -->
  <system-out/>
  <testcase classname="Group1.Group1Method" name="start" time="-1626200704.000">
    <error message="
Parameter &#039;Browser&#039; is required by BeforeClass on method start but has not been marked @Optional or defined
in /Users/lalitha/Desktop/eclipse-workspace/com.selenium.practice/test-output/testng-failed.xml" type="org.testng.TestNGException">
      <![CDATA[org.testng.TestNGException: 
Parameter 'Browser' is required by BeforeClass on method start but has not been marked @Optional or defined
in /Users/lalitha/Desktop/eclipse-workspace/com.selenium.practice/test-output/testng-failed.xml
at org.testng.internal.Parameters.createParams(Parameters.java:268)
at org.testng.internal.Parameters.createParametersForMethod(Parameters.java:356)
at org.testng.internal.Parameters.createParameters(Parameters.java:700)
at org.testng.internal.Parameters.createConfigurationParameters(Parameters.java:166)
at org.testng.internal.ConfigInvoker.invokeConfigurations(ConfigInvoker.java:299)
at org.testng.internal.TestMethodWorker.invokeBeforeClassMethods(TestMethodWorker.java:176)
at org.testng.internal.TestMethodWorker.run(TestMethodWorker.java:122)
at java.base/java.util.ArrayList.forEach(ArrayList.java:1511)
at org.testng.TestRunner.privateRun(TestRunner.java:767)
at org.testng.TestRunner.run(TestRunner.java:588)
at org.testng.SuiteRunner.runTest(SuiteRunner.java:384)
at org.testng.SuiteRunner.runSequentially(SuiteRunner.java:378)
at org.testng.SuiteRunner.privateRun(SuiteRunner.java:337)
at org.testng.SuiteRunner.run(SuiteRunner.java:286)
at org.testng.SuiteRunnerWorker.runSuite(SuiteRunnerWorker.java:53)
at org.testng.SuiteRunnerWorker.run(SuiteRunnerWorker.java:96)
at org.testng.TestNG.runSuitesSequentially(TestNG.java:1214)
at org.testng.TestNG.runSuitesLocally(TestNG.java:1136)
at org.testng.TestNG.runSuites(TestNG.java:1066)
at org.testng.TestNG.run(TestNG.java:1034)
at org.testng.remote.AbstractRemoteTestNG.run(AbstractRemoteTestNG.java:115)
at org.testng.remote.RemoteTestNG.initAndRun(RemoteTestNG.java:251)
at org.testng.remote.RemoteTestNG.main(RemoteTestNG.java:77)
]]>
    </error>
  </testcase> <!-- start -->
  <system-out/>
  <testcase classname="Group1.Group1Method" name="searc" time="0.000">
    <skipped/>
  </testcase> <!-- searc -->
  <system-out/>
  <testcase classname="Group1.Group1Method" name="searc1" time="0.000">
    <skipped/>
  </testcase> <!-- searc1 -->
  <system-out/>
  <testcase classname="Group1.Group1Method" name="click" time="0.000">
    <skipped/>
  </testcase> <!-- click -->
  <system-out/>
</testsuite> <!-- Group1.Group1Method -->
